<?xml version="1.0" encoding="UTF-8"?>
<testsuite xmlns:xsi="http://www.w3.org/2001/XMLSchema-instance" xsi:noNamespaceSchemaLocation="https://maven.apache.org/surefire/maven-surefire-plugin/xsd/surefire-test-report-3.0.xsd" version="3.0" name="com.example.studentmanagement.MainTest" time="0.33" tests="13" errors="0" skipped="0" failures="0">
  <properties>
[...]
</properties>
  <testcase name="testRoleBasedMenuSwitch_Admin" classname="com.example.studentmanagement.MainTest" time="0.112"/>
  <testcase name="testInstructorLogout" classname="com.example.studentmanagement.MainTest" time="0.025"/>
  <testcase name="testAdminLogout" classname="com.example.studentmanagement.MainTest" time="0.011"/>
  <testcase name="testStudentMenuValidChoice" classname="com.example.studentmanagement.MainTest" time="0.018"/>
  <testcase name="testStudentMenuInvalidChoice" classname="com.example.studentmanagement.MainTest" time="0.012"/>
  <testcase name="testRoleBasedMenuSwitch_Instructor" classname="com.example.studentmanagement.MainTest" time="0.015"/>
  <testcase name="testInstructorMenuInvalidChoice" classname="com.example.studentmanagement.MainTest" time="0.015"/>
  <testcase name="testInstructorMenuValidChoice" classname="com.example.studentmanagement.MainTest" time="0.016"/>
  <testcase name="testRoleBasedMenuSwitch_Student" classname="com.example.studentmanagement.MainTest" time="0.012"/>
  <testcase name="testStudentLogout" classname="com.example.studentmanagement.MainTest" time="0.011"/>
  <testcase name="testAdminMenuInvalidChoice" classname="com.example.studentmanagement.MainTest" time="0.012"/>
  <testcase name="testInvalidLogin" classname="com.example.studentmanagement.MainTest" time="0.011"/>
  <testcase name="testAdminMenuValidChoice" classname="com.example.studentmanagement.MainTest" time="0.014"/>
</testsuite>